adduser						install
alsa-base					install
alsa-utils					install
apache2						install
apache2-mpm-worker				install
apache2-utils					install
apache2.2-bin					install
apache2.2-common				install
apcupsd						install
apcupsd-cgi					install
apcupsd-doc					install
apt						install
apt-utils					install
aptitude					install
aptitude-common					install
aspell-en					deinstall
at						install
autoconf					install
automake					install
autopoint					install
autotools-dev					install
base-files					install
base-passwd					install
bash						install
bash-completion					install
bc						install
binutils					install
blt						install
bsdmainutils					install
bsdutils					install
build-essential					install
bzip2						install
ca-certificates					install
cgroup-bin					install
cifs-utils					install
console-setup					install
console-setup-linux				install
consolekit					install
coreutils					install
cpio						install
cpp						install
cpp-4.6						install
cron						install
curl						install
dash						install
dbus						install
dbus-x11					install
ddclient					install
debconf						install
debconf-i18n					install
debconf-utils					install
debhelper					install
debian-reference-common				install
debian-reference-en				install
debianutils					install
deborphan					install
dialog						install
dictionaries-common				deinstall
diffutils					install
dillo						install
dmsetup						install
dosfstools					install
dphys-swapfile					install
dpkg						install
dpkg-dev					install
dump						install
e2fslibs:armhf					install
e2fsprogs					install
ed						install
esound-common					install
exim4-base					deinstall
exim4-config					deinstall
exim4-daemon-light				deinstall
fakeroot					install
fbset						install
file						install
findutils					install
firmware-atheros				install
firmware-brcm80211				install
firmware-libertas				install
firmware-ralink					install
firmware-realtek				install
fontconfig					install
fontconfig-config				install
fonts-droid					deinstall
fonts-freefont-ttf				install
freepats					install
fswebcam					install
fuse						install
g++						install
g++-4.6						install
gcc						install
gcc-4.5-base:armhf				install
gcc-4.6						install
gcc-4.6-base:armhf				install
gcc-4.7-base:armhf				install
gcc-4.8-base:armhf				install
gconf-service					install
gconf2-common					install
gdb						install
gdbserver					install
gettext						install
gettext-base					install
gir1.2-glib-2.0					install
git						install
git-core					install
git-man						install
gnupg						install
gpgv						install
grep						install
groff-base					install
gsfonts						install
gsfonts-x11					install
gstreamer1.0-plugins-base:armhf			install
gstreamer1.0-x:armhf				install
guile-1.8-libs					install
gzip						install
hardlink					install
hostname					install
html2text					install
i2c-tools					install
idle						install
idle-python2.7					install
idle-python3.2					install
idle3						install
ifplugd						install
ifupdown					install
info						install
initramfs-tools					install
initscripts					install
insserv						install
install-info					install
intltool-debian					install
iproute						install
iptables					install
iputils-ping					install
isc-dhcp-client					install
isc-dhcp-common					install
iso-codes					install
jackd						install
jackd2						install
javascript-common				deinstall
kbd						install
keyboard-configuration				install
klibc-utils					install
kmod						install
krb5-locales					install
less						install
lesstif2:armhf					install
libaa1:armhf					deinstall
libacl1:armhf					install
libalgorithm-diff-perl				install
libalgorithm-diff-xs-perl			install
libalgorithm-merge-perl				install
libapr1						install
libaprutil1					install
libaprutil1-dbd-sqlite3				install
libaprutil1-ldap				install
libapt-inst1.5:armhf				install
libapt-pkg-dev:armhf				install
libapt-pkg4.12:armhf				install
libasound2:armhf				install
libaspell15					deinstall
libasprintf0c2:armhf				install
libass4:armhf					deinstall
libasyncns0:armhf				deinstall
libatasmart4:armhf				install
libatk-bridge2.0-0:armhf			deinstall
libatk1.0-0:armhf				deinstall
libatlas3-base					deinstall
libatspi2.0-0:armhf				deinstall
libattr1:armhf					install
libaudio2:armhf					install
libaudiofile1:armhf				install
libaudit0					install
libavahi-client3:armhf				install
libavahi-common-data:armhf			install
libavahi-common3:armhf				install
libavahi-glib1:armhf				install
libavc1394-0:armhf				deinstall
libavresample1:armhf				deinstall
libavutil51:armhf				deinstall
libavutil52:armhf				deinstall
libblkid1:armhf					install
libbluetooth3:armhf				install
libboost-iostreams1.49.0			install
libbsd0:armhf					install
libbz2-1.0:armhf				install
libc-ares2:armhf				deinstall
libc-bin					install
libc-dev-bin					install
libc6:armhf					install
libc6-dev:armhf					install
libcaca0:armhf					deinstall
libcairo-gobject2:armhf				deinstall
libcairo2:armhf					install
libcap2:armhf					install
libcdio-cdda1					deinstall
libcdio-paranoia1				deinstall
libcdio13					deinstall
libcdparanoia0					install
libcgroup1					install
libchromaprint0:armhf				deinstall
libck-connector0:armhf				install
libclass-isa-perl				install
libcolord1:armhf				deinstall
libcomerr2:armhf				install
libcroco3:armhf					install
libcurl3:armhf					install
libcurl3-gnutls:armhf				install
libcwidget3					install
libcwiid1					install
libdaemon0					install
libdatrie1:armhf				install
libdb5.1:armhf					install
libdbus-1-3:armhf				install
libdbus-glib-1-2:armhf				install
libdc1394-22:armhf				deinstall
libdca0						deinstall
libdconf0:armhf					deinstall
libdevmapper-event1.02.1:armhf			install
libdevmapper1.02.1:armhf			install
libdirac-encoder0:armhf				deinstall
libdirectfb-1.2-9:armhf				deinstall
libdjvulibre21					deinstall
libdpkg-perl					install
libdrm-nouveau1a:armhf				install
libdrm-radeon1:armhf				install
libdrm2:armhf					install
libdv4:armhf					deinstall
libdvdnav4					deinstall
libdvdread4					deinstall
libedit2:armhf					install
libenca0					deinstall
libept1.4.12					install
liberror-perl					install
libesd0:armhf					install
libev4						deinstall
libevent-2.0-5:armhf				install
libexif12:armhf					install
libexiv2-12					deinstall
libexpat1:armhf					install
libfaad2:armhf					deinstall
libfam0						deinstall
libffi5:armhf					install
libfftw3-3:armhf				install
libfile-fcntllock-perl				install
libflac8:armhf					install
libflite1:armhf					deinstall
libfltk1.3:armhf				install
libfluidsynth1:armhf				deinstall
libfm-data					install
libfontconfig1:armhf				install
libfontenc1:armhf				install
libfreetype6:armhf				install
libfribidi0:armhf				install
libfuse2:armhf					install
libgcc1:armhf					install
libgconf-2-4:armhf				install
libgcrypt11:armhf				install
libgd2-xpm:armhf				install
libgdbm3:armhf					install
libgdk-pixbuf2.0-0:armhf			deinstall
libgeoclue0					deinstall
libgettextpo0:armhf				install
libgfortran3:armhf				deinstall
libgif4						install
libgirepository-1.0-1				install
libgl1-mesa-dri:armhf				install
libgl1-mesa-glx:armhf				install
libglapi-mesa:armhf				install
libglib2.0-0:armhf				install
libglib2.0-data					install
libglu1-mesa:armhf				install
libgme0						deinstall
libgmp10:armhf					install
libgnutls-openssl27:armhf			install
libgnutls26:armhf				install
libgomp1:armhf					install
libgpg-error0:armhf				install
libgphoto2-port0:armhf				install
libgpm2:armhf					install
libgraphite2-2.0.0:armhf			install
libgsasl7					install
libgsm1:armhf					deinstall
libgssapi-krb5-2:armhf				install
libgssglue1:armhf				install
libgstreamer-plugins-bad1.0-0:armhf		deinstall
libgstreamer-plugins-base0.10-0:armhf		deinstall
libgstreamer-plugins-base1.0-0:armhf		install
libgstreamer0.10-0:armhf			deinstall
libgstreamer1.0-0:armhf				install
libgtk-3-common					deinstall
libgtk2.0-common				deinstall
libgtop2-common					install
libgudev-1.0-0:armhf				install
libharfbuzz-icu0:armhf				deinstall
libharfbuzz0a:armhf				install
libhunspell-1.3-0:armhf				deinstall
libice6:armhf					install
libicu48:armhf					install
libid3tag0					install
libidn11:armhf					install
libiec61883-0					deinstall
libijs-0.35					deinstall
libilmbase6					deinstall
libimlib2					install
libio-pty-perl					install
libio-socket-ip-perl				install
libio-socket-ssl-perl				install
libipc-run-perl					install
libiw30:armhf					install
libjack-jackd2-0:armhf				install
libjasper1:armhf				deinstall
libjavascriptcoregtk-3.0-0:armhf		deinstall
libjbig0:armhf					install
libjbig2dec0					deinstall
libjpeg8:armhf					install
libjson0:armhf					deinstall
libk5crypto3:armhf				install
libkate1					deinstall
libkeyutils1:armhf				install
libklibc					install
libkmod2:armhf					install
libkrb5-3:armhf					install
libkrb5support0:armhf				install
liblapack3					deinstall
liblcms1:armhf					install
liblcms2-2:armhf				deinstall
libldap-2.4-2:armhf				install
liblensfun0					deinstall
liblightdm-gobject-1-0				deinstall
liblircclient0					deinstall
liblocale-gettext-perl				install
liblockfile-bin					install
liblockfile1:armhf				install
liblqr-1-0:armhf				deinstall
libltdl7:armhf					install
libluajit-5.1-common				install
liblvm2app2.2:armhf				install
liblzma5:armhf					install
liblzo2-2:armhf					deinstall
libmad0						deinstall
libmagic1:armhf					install
libmail-sendmail-perl				install
libmailutils4					install
libmenu-cache1					deinstall
libmikmod2:armhf				deinstall
libmimic0					deinstall
libmms0:armhf					deinstall
libmng1:armhf					install
libmodplug1					deinstall
libmount1					install
libmozjs10d					deinstall
libmpc2:armhf					install
libmpeg2-4					deinstall
libmpfr4:armhf					install
libmpg123-0:armhf				deinstall
libmtdev1:armhf					install
libmysqlclient18:armhf				install
libncurses5:armhf				install
libncursesw5:armhf				install
libneon27-gnutls				install
libnet-libidn-perl				install
libnet-ssleay-perl				install
libnetpbm10					deinstall
libnettle4:armhf				install
libnewt0.52					install
libnfnetlink0					install
libnfsidmap2:armhf				install
libnih-dbus1					install
libnih1						install
libnl-3-200:armhf				install
libnl-genl-3-200:armhf				install
libnotify4:armhf				deinstall
libnspr4:armhf					deinstall
libntlm0					install
libobrender27					install
libobt0						install
libofa0						deinstall
libogg0:armhf					install
libopenal-data					deinstall
libopenal1:armhf				deinstall
libopencore-amrnb0:armhf			deinstall
libopencore-amrwb0:armhf			deinstall
libopencv-calib3d2.4				deinstall
libopencv-core2.3				deinstall
libopencv-core2.4				deinstall
libopencv-features2d2.4				deinstall
libopencv-flann2.4				deinstall
libopencv-imgproc2.3				deinstall
libopencv-imgproc2.4				deinstall
libopencv-ml2.4					deinstall
libopencv-photo2.4				deinstall
libopencv-stitching2.4				deinstall
libopencv-ts2.4					deinstall
libopencv-video2.4				deinstall
libopenexr6					deinstall
libopenjpeg2:armhf				install
libopts25					deinstall
libopus0					deinstall
liborc-0.4-0:armhf				install
libp11-kit0:armhf				install
libpam-modules:armhf				install
libpam-modules-bin				install
libpam-runtime					install
libpam0g:armhf					install
libpango-1.0-0:armhf				install
libpango1.0-0:armhf				install
libpangocairo-1.0-0:armhf			install
libpangoft2-1.0-0:armhf				install
libpangox-1.0-0:armhf				install
libpangoxft-1.0-0:armhf				install
libpaper1:armhf					deinstall
libparted0debian1:armhf				install
libpci3:armhf					install
libpciaccess0:armhf				install
libpcre3:armhf					install
libpcsclite1:armhf				install
libpipeline1:armhf				install
libpixman-1-0:armhf				install
libplist1					install
libpng12-0:armhf				install
libpolkit-agent-1-0:armhf			install
libpolkit-backend-1-0:armhf			install
libpolkit-gobject-1-0:armhf			install
libpoppler19:armhf				install
libpopt0:armhf					install
libportmidi0					deinstall
libpq5						deinstall
libprocps0:armhf				install
libproxy0:armhf					deinstall
libpulse0:armhf					deinstall
libpython2.7					install
libqt4-dbus:armhf				install
libqt4-network:armhf				deinstall
libqt4-svg:armhf				install
libqt4-xml:armhf				install
libqtcore4:armhf				install
libqtdbus4:armhf				install
libqtgui4:armhf					install
libqtwebkit4:armhf				deinstall
libraspberrypi-bin				install
libraspberrypi0					install
libraw1394-11:armhf				deinstall
libreadline5:armhf				install
libreadline6:armhf				install
librsvg2-2:armhf				deinstall
librtmp0:armhf					install
libsamplerate0:armhf				install
libsasl2-2:armhf				install
libsasl2-modules:armhf				install
libsbc1:armhf					deinstall
libschroedinger-1.0-0:armhf			deinstall
libsclang1					install
libscsynth1					install
libsdl-image1.2:armhf				deinstall
libsdl-mixer1.2:armhf				deinstall
libsdl-ttf2.0-0:armhf				deinstall
libsdl1.2debian:armhf				deinstall
libsecret-1-0:armhf				deinstall
libselinux1:armhf				install
libsemanage-common				install
libsemanage1:armhf				install
libsepol1:armhf					install
libserf1:armhf					install
libsgutils2-2					install
libshout3:armhf					deinstall
libsigc++-2.0-0c2a:armhf			install
libslang2:armhf					install
libsm6:armhf					install
libsmpeg0:armhf					deinstall
libsndfile1:armhf				install
libsocket-perl					install
libsoundtouch0:armhf				deinstall
libsoup2.4-1:armhf				deinstall
libspandsp2					deinstall
libspeex1:armhf					deinstall
libsqlite3-0:armhf				install
libsrtp0					deinstall
libss2:armhf					install
libssh2-1:armhf					install
libssl1.0.0:armhf				install
libstartup-notification0			install
libstdc++6:armhf				install
libstdc++6-4.6-dev				install
libsvn1:armhf					install
libswitch-perl					install
libswscale2:armhf				deinstall
libsys-hostname-long-perl			install
libsystemd-login0:armhf				install
libtag1-vanilla:armhf				deinstall
libtagcoll2-dev					install
libtalloc2:armhf				install
libtasn1-3:armhf				install
libtdb1:armhf					install
libterm-readkey-perl				install
libterm-readline-perl-perl			install
libtext-charwidth-perl				install
libtext-iconv-perl				install
libtext-wrapi18n-perl				install
libthai-data					install
libthai0:armhf					install
libtheora0:armhf				install
libtiff4:armhf					install
libtimedate-perl				install
libtinfo5:armhf					install
libtirpc1:armhf					install
libts-0.0-0:armhf				deinstall
libudev0:armhf					install
libunistring0:armhf				install
libusb-0.1-4:armhf				install
libusb-1.0-0:armhf				install
libusbmuxd1					install
libustr-1.0-1:armhf				install
libuuid1:armhf					install
libv4l-0:armhf					install
libv4l2rds0:armhf				install
libv4lconvert0:armhf				install
libv8-3.8.9.20					deinstall
libva1:armhf					deinstall
libvisual-0.4-0:armhf				install
libvisual-0.4-plugins:armhf			install
libvo-aacenc0:armhf				deinstall
libvo-amrwbenc0:armhf				deinstall
libvorbis0a:armhf				install
libvorbisenc2:armhf				install
libvorbisfile3:armhf				deinstall
libvpx1:armhf					deinstall
libwavpack1:armhf				deinstall
libwayland0:armhf				install
libwbclient0:armhf				install
libwebp2:armhf					deinstall
libwibble-dev					install
libwildmidi-config				deinstall
libwildmidi1:armhf				deinstall
libwmf0.2-7:armhf				deinstall
libwrap0:armhf					install
libx11-6:armhf					install
libx11-data					install
libx11-xcb1:armhf				install
libx264-123:armhf				deinstall
libx264-130:armhf				deinstall
libxapian-dev					install
libxapian22					install
libxau6:armhf					install
libxaw7:armhf					install
libxcb-glx0:armhf				install
libxcb-render0:armhf				install
libxcb-shape0:armhf				install
libxcb-shm0:armhf				install
libxcb-util0:armhf				install
libxcb-xfixes0:armhf				install
libxcb1:armhf					install
libxcomposite1:armhf				install
libxcursor1:armhf				install
libxdamage1:armhf				install
libxdmcp6:armhf					install
libxext6:armhf					install
libxfixes3:armhf				install
libxfont1					install
libxft2:armhf					install
libxi6:armhf					install
libxinerama1:armhf				install
libxkbcommon0:armhf				install
libxkbfile1:armhf				install
libxklavier16					deinstall
libxml2:armhf					install
libxmu6:armhf					install
libxmuu1:armhf					install
libxp6:armhf					install
libxpm4:armhf					install
libxrandr2:armhf				install
libxrender1:armhf				install
libxres1:armhf					deinstall
libxslt1.1:armhf				deinstall
libxss1:armhf					install
libxt6:armhf					install
libxtst6:armhf					install
libxv1:armhf					install
libxvidcore4:armhf				deinstall
libxvmc1					deinstall
libxxf86dga1:armhf				install
libxxf86vm1:armhf				install
libyaml-0-2:armhf				deinstall
libzbar0					deinstall
linux-libc-dev:armhf				install
localepurge					install
locales						install
locate						install
lockfile-progs					install
login						install
logrotate					install
lsb-base					install
lua5.1						install
luajit						install
lxmenu-data					deinstall
lynx						install
lynx-cur					install
m4						install
mailutils					install
mailutils-common				install
make						install
makedev						install
man-db						install
manpages					install
manpages-dev					install
mawk						install
menu						install
mime-support					install
module-assistant				deinstall
module-init-tools				install
moreutils					install
mount						install
mountall					install
multiarch-support				install
mysql-common					install
nano						install
ncdu						install
ncurses-base					install
ncurses-bin					install
ncurses-term					install
net-tools					install
netbase						install
netcat-openbsd					install
netcat-traditional				install
nfs-common					install
nfs-kernel-server				install
node						install
ntpdate						install
openbox						install
openssh-blacklist				install
openssh-blacklist-extra				install
openssh-client					install
openssh-server					install
openssl						install
parted						install
passwd						install
patch						install
pciutils					install
penguinspuzzle					install
perl						install
perl-base					install
perl-modules					install
pkg-config					install
plymouth					install
po-debconf					install
policykit-1					install
poppler-data					install
poppler-utils					install
procps						install
psmisc						install
pypy-setuptools					install
pypy-upstream					install
pypy-upstream-dev				install
pypy-upstream-doc				install
python						install
python-dbus					install
python-dbus-dev					install
python-gi					install
python-gobject					install
python-gobject-2				install
python-minimal					install
python-pifacecommon				install
python-rpi.gpio					install
python-smbus					install
python-support					deinstall
python-tk					install
python-urwid					install
python-wicd					install
python2.7					install
python2.7-minimal				install
python3						install
python3-minimal					install
python3-pifacecommon				install
python3-pifacedigitalio				install
python3-rpi.gpio				install
python3-tk					install
python3.2					install
python3.2-minimal				install
qdbus						install
qjackctl					install
raspberrypi-artwork				install
raspberrypi-bootloader				install
raspbian-archive-keyring			install
raspi-config					install
raspi-copies-and-fills				install
rcconf						install
readline-common					install
rfkill						install
rpcbind						install
rpi-update					install
rsync						install
rsyslog						install
samba-common					install
screen						install
sed						install
sensible-utils					install
sgml-base					install
shared-mime-info				install
smbclient					install
squeak-vm					deinstall
ssh						install
sshpass						install
ssl-cert					install
ssmtp						install
strace						install
subversion					install
sudo						install
supercollider					install
supercollider-common				install
supercollider-server				install
sysv-rc						install
sysvinit					install
sysvinit-utils					install
tar						install
tasksel						install
tasksel-data					install
tcl8.5						install
tcpd						install
timidity					install
tk8.5						install
traceroute					install
tree						install
triggerhappy					install
tsconf						deinstall
ttf-dejavu-core					install
tzdata						install
ucf						install
udev						install
udisks						install
unzip						install
update-inetd					deinstall
usbmuxd						install
usbutils					install
util-linux					install
v4l-utils					install
weston						install
wget						install
whiptail					install
wicd-curses					install
wicd-daemon					install
wireless-tools					install
wpagui						install
wpasupplicant					install
x11-common					install
x11-utils					install
x11-xkb-utils					install
x2x						install
xauth						install
xdg-utils					install
xfonts-encodings				install
xfonts-utils					install
xkb-data					install
xml-core					install
xpdf						install
xserver-common					install
xserver-xorg-core				install
xserver-xorg-video-fbturbo			install
xz-utils					install
zlib1g:armhf					install
zlib1g-dev:armhf				install
